WARNING: A terminally deprecated method in sun.misc.Unsafe has been called
WARNING: sun.misc.Unsafe::staticFieldBase has been called by com.google.inject.internal.aop.HiddenClassDefiner (file:/opt/homebrew/Cellar/maven/3.9.11/libexec/lib/guice-5.1.0-classes.jar)
WARNING: Please consider reporting this to the maintainers of class com.google.inject.internal.aop.HiddenClassDefiner
WARNING: sun.misc.Unsafe::staticFieldBase will be removed in a future release
[INFO] Scanning for projects...
[INFO] 
[INFO] ----------------< com.steganography:png-steganography >-----------------
[INFO] Building PNG Steganography 1.0.0
[INFO]   from pom.xml
[INFO] --------------------------------[ jar ]---------------------------------
[INFO] 
[INFO] >>> spring-boot:3.1.2:run (default-cli) > test-compile @ png-steganography >>>
[INFO] 
[INFO] --- resources:3.3.1:resources (default-resources) @ png-steganography ---
[INFO] Copying 2 resources from src/main/resources to target/classes
[INFO] Copying 0 resource from src/main/resources to target/classes
[INFO] 
[INFO] --- compiler:3.11.0:compile (default-compile) @ png-steganography ---
[INFO] Nothing to compile - all classes are up to date
[INFO] 
[INFO] --- resources:3.3.1:testResources (default-testResources) @ png-steganography ---
[INFO] skip non existing resourceDirectory /Users/jahnavisingh/stangonograpy /backend/src/test/resources
[INFO] 
[INFO] --- compiler:3.11.0:testCompile (default-testCompile) @ png-steganography ---
[INFO] Nothing to compile - all classes are up to date
[INFO] 
[INFO] <<< spring-boot:3.1.2:run (default-cli) < test-compile @ png-steganography <<<
[INFO] 
[INFO] 
[INFO] --- spring-boot:3.1.2:run (default-cli) @ png-steganography ---
[INFO] Attaching agents: []

  .   ____          _            __ _ _
 /\\ / ___'_ __ _ _(_)_ __  __ _ \ \ \ \
( ( )\___ | '_ | '_| | '_ \/ _` | \ \ \ \
 \\/  ___)| |_)| | | | | || (_| |  ) ) ) )
  '  |____| .__|_| |_|_| |_\__, | / / / /
 =========|_|==============|___/=/_/_/_/
[32m :: Spring Boot :: [39m              [2m (v3.1.2)[0;39m

2025-09-13 20:53:05 - Starting SteganographyApplication using Java 24.0.2 with PID 80921 (/Users/jahnavisingh/stangonograpy /backend/target/classes started by jahnavisingh in /Users/jahnavisingh/stangonograpy /backend)
2025-09-13 20:53:05 - Running with Spring Boot v3.1.2, Spring v6.0.11
2025-09-13 20:53:05 - No active profile set, falling back to 1 default profile: "default"
2025-09-13 20:53:05 - Bootstrapping Spring Data MongoDB repositories in DEFAULT mode.
2025-09-13 20:53:05 - Finished Spring Data repository scanning in 4 ms. Found 0 MongoDB repository interfaces.
WARNING: A restricted method in java.lang.System has been called
WARNING: java.lang.System::load has been called by org.apache.tomcat.jni.Library in an unnamed module (file:/Users/jahnavisingh/.m2/repository/org/apache/tomcat/embed/tomcat-embed-core/10.1.11/tomcat-embed-core-10.1.11.jar)
WARNING: Use --enable-native-access=ALL-UNNAMED to avoid a warning for callers in this module
WARNING: Restricted methods will be blocked in a future release unless native access is enabled

2025-09-13 20:53:05 - Tomcat initialized with port(s): 8080 (http)
2025-09-13 20:53:05 - Starting service [Tomcat]
2025-09-13 20:53:05 - Starting Servlet engine: [Apache Tomcat/10.1.11]
2025-09-13 20:53:05 - Initializing Spring embedded WebApplicationContext
2025-09-13 20:53:05 - Root WebApplicationContext: initialization completed in 296 ms
2025-09-13 20:53:05 - Blockchain service initialized with address: 0x3f17f1962b36e491b30a40b2405849e597ba5fb5
2025-09-13 20:53:05 - MongoClient with metadata {"driver": {"name": "mongo-java-driver|sync|spring-boot", "version": "4.9.1"}, "os": {"type": "Darwin", "name": "Mac OS X", "architecture": "aarch64", "version": "15.6.1"}, "platform": "Java/Homebrew/24.0.2"} created with settings MongoClientSettings{readPreference=primary, writeConcern=WriteConcern{w=null, wTimeout=null ms, journal=null}, retryWrites=true, retryReads=true, readConcern=ReadConcern{level=null}, credential=null, streamFactoryFactory=null, commandListeners=[], codecRegistry=ProvidersCodecRegistry{codecProviders=[ValueCodecProvider{}, BsonValueCodecProvider{}, DBRefCodecProvider{}, DBObjectCodecProvider{}, DocumentCodecProvider{}, CollectionCodecProvider{}, IterableCodecProvider{}, MapCodecProvider{}, GeoJsonCodecProvider{}, GridFSFileCodecProvider{}, Jsr310CodecProvider{}, JsonObjectCodecProvider{}, BsonCodecProvider{}, EnumCodecProvider{}, com.mongodb.client.model.mql.ExpressionCodecProvider@149b4d20, com.mongodb.Jep395RecordCodecProvider@664e848c]}, loggerSettings=LoggerSettings{maxDocumentLength=1000}, clusterSettings={hosts=[localhost:27017], srvServiceName=mongodb, mode=SINGLE, requiredClusterType=UNKNOWN, requiredReplicaSetName='null', serverSelector='null', clusterListeners='[]', serverSelectionTimeout='30000 ms', localThreshold='30000 ms'}, socketSettings=SocketSettings{connectTimeoutMS=10000, readTimeoutMS=0, receiveBufferSize=0, sendBufferSize=0}, heartbeatSocketSettings=SocketSettings{connectTimeoutMS=10000, readTimeoutMS=10000, receiveBufferSize=0, sendBufferSize=0}, connectionPoolSettings=ConnectionPoolSettings{maxSize=100, minSize=0, maxWaitTimeMS=120000, maxConnectionLifeTimeMS=0, maxConnectionIdleTimeMS=0, maintenanceInitialDelayMS=0, maintenanceFrequencyMS=60000, connectionPoolListeners=[], maxConnecting=2}, serverSettings=ServerSettings{heartbeatFrequencyMS=10000, minHeartbeatFrequencyMS=500, serverListeners='[]', serverMonitorListeners='[]'}, sslSettings=SslSettings{enabled=false, invalidHostNameAllowed=false, context=null}, applicationName='null', compressorList=[], uuidRepresentation=JAVA_LEGACY, serverApi=null, autoEncryptionSettings=null, contextProvider=null}
2025-09-13 20:53:05 - Monitor thread successfully connected to server with description ServerDescription{address=localhost:27017, type=STANDALONE, state=CONNECTED, ok=true, minWireVersion=0, maxWireVersion=27, maxDocumentSize=16777216, logicalSessionTimeoutMinutes=30, roundTripTimeNanos=5275667}
2025-09-13 20:53:05 - Tomcat started on port(s): 8080 (http) with context path ''
2025-09-13 20:53:05 - Started SteganographyApplication in 0.752 seconds (process running for 0.846)
2025-09-13 20:55:17 - Initializing Spring DispatcherServlet 'dispatcherServlet'
2025-09-13 20:55:17 - Initializing Servlet 'dispatcherServlet'
2025-09-13 20:55:17 - Completed initialization in 1 ms
